[2025-05-09 23:02:24,051][__main__][INFO] - model:
  type: gnn
  hidden_dim: 128
  message_passing: true
  node_mlp_features:
  - 128
  - 128
  edge_mlp_features:
  - 128
  - 128
  use_attention: true
seed: 0
test_seed: 42
wandb:
  enabled: true
  project: boolean-nca-cc
  entity: m2snn
  run_name: null
  tags:
  - boolean-circuit
  - nca
  - meta-learning
circuit:
  task: binary_multiply
  input_bits: 2
  output_bits: 2
  arity: 2
  num_layers: 2
  layer_sizes: null
training:
  learning_rate: 0.003
  weight_decay: 1.0e-05
  epochs: null
  epochs_power_of_2: 8
  loss_type: l4
  wiring_mode: fixed
  meta_batch_size: 4
  n_message_steps: 10
  lr_scheduler: linear_warmup
pool:
  size: 1024
  reset_fraction: 0.05
  reset_interval: 32
  reset_strategy: combined
  combined_weights:
  - 0.5
  - 0.5
  gate_knockout:
    active: false
    fraction: 0.05
    interval: 64
    strategy: uniform
    damage_prob: 0.1
    combined_weights:
    - 0.5
    - 0.5
  soft_lut_damage:
    active: false
    fraction: 0.05
    interval: 64
    strategy: uniform
    damage_prob: 0.1
    combined_weights:
    - 0.5
    - 0.5
backprop:
  enabled: true
  epochs: 100
  learning_rate: 1
  weight_decay: 0.1
  optimizer: adamw
  beta1: 0.8
  beta2: 0.8
eval:
  inner_steps: 100
checkpoint:
  enabled: true
  interval: 1024
  save_best: true
  best_metric: hard_accuracy
  save_stable_states: true
logging:
  log_interval: 10
  level: INFO

[2025-05-09 23:02:24,052][__main__][INFO] - Working directory: /home/marcello/workspace/boolean_nca_cc
[2025-05-09 23:02:24,718][__main__][INFO] - Circuit layer sizes: [(2, 1), (8, 2), (4, 1), (2, 1)]
[2025-05-09 23:02:24,719][__main__][INFO] - Number of nodes: 16
[2025-05-09 23:02:24,720][__main__][INFO] - Running baseline backpropagation training
[2025-05-09 23:02:24,732][__main__][INFO] - BP Epoch 0: Loss=1.7263, Acc=0.6250, Hard Acc=0.6250
[2025-05-09 23:02:24,772][__main__][INFO] - BP Epoch 10: Loss=0.0014, Acc=1.0000, Hard Acc=1.0000
[2025-05-09 23:02:24,814][__main__][INFO] - BP Epoch 20: Loss=0.0016, Acc=1.0000, Hard Acc=1.0000
[2025-05-09 23:02:24,857][__main__][INFO] - BP Epoch 30: Loss=0.0004, Acc=1.0000, Hard Acc=1.0000
[2025-05-09 23:02:24,901][__main__][INFO] - BP Epoch 40: Loss=0.0002, Acc=1.0000, Hard Acc=1.0000
[2025-05-09 23:02:24,942][__main__][INFO] - BP Epoch 50: Loss=0.0001, Acc=1.0000, Hard Acc=1.0000
[2025-05-09 23:02:24,982][__main__][INFO] - BP Epoch 60: Loss=0.0000, Acc=1.0000, Hard Acc=1.0000
[2025-05-09 23:02:25,022][__main__][INFO] - BP Epoch 70: Loss=0.0000, Acc=1.0000, Hard Acc=1.0000
[2025-05-09 23:02:25,063][__main__][INFO] - BP Epoch 80: Loss=0.0000, Acc=1.0000, Hard Acc=1.0000
[2025-05-09 23:02:25,105][__main__][INFO] - BP Epoch 90: Loss=0.0000, Acc=1.0000, Hard Acc=1.0000
[2025-05-09 23:02:25,156][__main__][INFO] - BP Final: Loss=0.0000, Acc=1.0000, Hard Acc=1.0000
[2025-05-09 23:02:25,687][__main__][INFO] - Starting GNN training
[2025-05-09 23:02:25,774][boolean_nca_cc.training.train_loop][INFO] - WandB run ID: iaw5m6eu
[2025-05-09 23:02:25,774][boolean_nca_cc.training.train_loop][INFO] - Checkpoints will be saved to: /home/marcello/workspace/boolean_nca_cc/checkpoints/run_iaw5m6eu
[2025-05-09 23:02:46,956][boolean_nca_cc.training.train_loop][INFO] - Saving best model at epoch 0 with hard_accuracy=0.6250
[2025-05-09 23:02:46,975][boolean_nca_cc.training.utils][INFO] - Saved checkpoint to /home/marcello/workspace/boolean_nca_cc/checkpoints/run_iaw5m6eu/best_model_hard_accuracy.pkl
[2025-05-09 23:02:47,469][boolean_nca_cc.training.train_loop][INFO] - Saving best model at epoch 11 with hard_accuracy=0.7500
[2025-05-09 23:02:47,490][boolean_nca_cc.training.utils][INFO] - Saved checkpoint to /home/marcello/workspace/boolean_nca_cc/checkpoints/run_iaw5m6eu/best_model_hard_accuracy.pkl
[2025-05-09 23:02:47,730][boolean_nca_cc.training.train_loop][INFO] - Saving best model at epoch 12 with hard_accuracy=0.8750
[2025-05-09 23:02:47,746][boolean_nca_cc.training.utils][INFO] - Saved checkpoint to /home/marcello/workspace/boolean_nca_cc/checkpoints/run_iaw5m6eu/best_model_hard_accuracy.pkl
[2025-05-09 23:02:54,116][__main__][INFO] - Evaluating inner loop performance
[2025-05-09 23:03:00,337][__main__][INFO] - Training complete. Final results:
[2025-05-09 23:03:00,338][__main__][INFO] -   Meta Loss: 0.1251
[2025-05-09 23:03:00,338][__main__][INFO] -   Meta Hard Loss: 1.0000
[2025-05-09 23:03:00,338][__main__][INFO] -   Meta Accuracy: 0.8750
[2025-05-09 23:03:00,338][__main__][INFO] -   Meta Hard Accuracy: 0.8750
[2025-05-09 23:03:00,338][__main__][INFO] -   Inner Loop Final Loss: 0.7806
[2025-05-09 23:03:00,338][__main__][INFO] -   Inner Loop Final Hard Loss: 1.0000
[2025-05-09 23:03:00,338][__main__][INFO] -   Inner Loop Final Accuracy: 0.8750
[2025-05-09 23:03:00,338][__main__][INFO] -   Inner Loop Final Hard Accuracy: 0.8750
[2025-05-09 23:03:00,338][__main__][INFO] -   Best hard_accuracy: 0.8750
