[2025-05-09 22:59:58,546][__main__][INFO] - model:
  type: gnn
  hidden_dim: 128
  message_passing: true
  node_mlp_features:
  - 128
  - 128
  edge_mlp_features:
  - 128
  - 128
  use_attention: true
seed: 0
test_seed: 42
wandb:
  enabled: true
  project: boolean-nca-cc
  entity: m2snn
  run_name: null
  tags:
  - boolean-circuit
  - nca
  - meta-learning
circuit:
  task: binary_multiply
  input_bits: 2
  output_bits: 2
  arity: 2
  num_layers: 2
  layer_sizes: null
training:
  learning_rate: 0.003
  weight_decay: 1.0e-05
  epochs: null
  epochs_power_of_2: 8
  loss_type: l4
  wiring_mode: fixed
  meta_batch_size: 4
  n_message_steps: 1
  lr_scheduler: linear_warmup
pool:
  size: 1024
  reset_fraction: 0.05
  reset_interval: 32
  reset_strategy: combined
  combined_weights:
  - 0.5
  - 0.5
  gate_knockout:
    active: false
    fraction: 0.05
    interval: 64
    strategy: uniform
    damage_prob: 0.1
    combined_weights:
    - 0.5
    - 0.5
  soft_lut_damage:
    active: false
    fraction: 0.05
    interval: 64
    strategy: uniform
    damage_prob: 0.1
    combined_weights:
    - 0.5
    - 0.5
backprop:
  enabled: true
  epochs: 100
  learning_rate: 1
  weight_decay: 0.1
  optimizer: adamw
  beta1: 0.8
  beta2: 0.8
eval:
  inner_steps: 100
checkpoint:
  enabled: true
  interval: 1024
  save_best: true
  best_metric: hard_accuracy
  save_stable_states: true
logging:
  log_interval: 10
  level: INFO

[2025-05-09 22:59:58,547][__main__][INFO] - Working directory: /home/marcello/workspace/boolean_nca_cc
[2025-05-09 22:59:59,227][__main__][INFO] - Circuit layer sizes: [(2, 1), (8, 2), (4, 1), (2, 1)]
[2025-05-09 22:59:59,227][__main__][INFO] - Number of nodes: 16
[2025-05-09 22:59:59,228][__main__][INFO] - Running baseline backpropagation training
[2025-05-09 22:59:59,241][__main__][INFO] - BP Epoch 0: Loss=1.7263, Acc=0.6250, Hard Acc=0.6250
[2025-05-09 22:59:59,293][__main__][INFO] - BP Epoch 10: Loss=0.0014, Acc=1.0000, Hard Acc=1.0000
[2025-05-09 22:59:59,346][__main__][INFO] - BP Epoch 20: Loss=0.0016, Acc=1.0000, Hard Acc=1.0000
[2025-05-09 22:59:59,396][__main__][INFO] - BP Epoch 30: Loss=0.0004, Acc=1.0000, Hard Acc=1.0000
[2025-05-09 22:59:59,448][__main__][INFO] - BP Epoch 40: Loss=0.0002, Acc=1.0000, Hard Acc=1.0000
[2025-05-09 22:59:59,499][__main__][INFO] - BP Epoch 50: Loss=0.0001, Acc=1.0000, Hard Acc=1.0000
[2025-05-09 22:59:59,550][__main__][INFO] - BP Epoch 60: Loss=0.0000, Acc=1.0000, Hard Acc=1.0000
[2025-05-09 22:59:59,603][__main__][INFO] - BP Epoch 70: Loss=0.0000, Acc=1.0000, Hard Acc=1.0000
[2025-05-09 22:59:59,656][__main__][INFO] - BP Epoch 80: Loss=0.0000, Acc=1.0000, Hard Acc=1.0000
[2025-05-09 22:59:59,709][__main__][INFO] - BP Epoch 90: Loss=0.0000, Acc=1.0000, Hard Acc=1.0000
[2025-05-09 22:59:59,768][__main__][INFO] - BP Final: Loss=0.0000, Acc=1.0000, Hard Acc=1.0000
[2025-05-09 23:00:00,472][__main__][INFO] - Starting GNN training
[2025-05-09 23:00:00,573][boolean_nca_cc.training.train_loop][INFO] - WandB run ID: pzsiu1t2
[2025-05-09 23:00:00,574][boolean_nca_cc.training.train_loop][INFO] - Checkpoints will be saved to: /home/marcello/workspace/boolean_nca_cc/checkpoints/run_pzsiu1t2
[2025-05-09 23:00:06,896][boolean_nca_cc.training.train_loop][INFO] - Saving best model at epoch 0 with hard_accuracy=0.6250
[2025-05-09 23:00:06,917][boolean_nca_cc.training.utils][INFO] - Saved checkpoint to /home/marcello/workspace/boolean_nca_cc/checkpoints/run_pzsiu1t2/best_model_hard_accuracy.pkl
[2025-05-09 23:00:07,452][boolean_nca_cc.training.train_loop][INFO] - Saving best model at epoch 24 with hard_accuracy=0.6562
[2025-05-09 23:00:07,470][boolean_nca_cc.training.utils][INFO] - Saved checkpoint to /home/marcello/workspace/boolean_nca_cc/checkpoints/run_pzsiu1t2/best_model_hard_accuracy.pkl
[2025-05-09 23:00:07,760][boolean_nca_cc.training.train_loop][INFO] - Saving best model at epoch 29 with hard_accuracy=0.6875
[2025-05-09 23:00:07,778][boolean_nca_cc.training.utils][INFO] - Saved checkpoint to /home/marcello/workspace/boolean_nca_cc/checkpoints/run_pzsiu1t2/best_model_hard_accuracy.pkl
[2025-05-09 23:00:08,013][boolean_nca_cc.training.train_loop][INFO] - Saving best model at epoch 30 with hard_accuracy=0.8750
[2025-05-09 23:00:08,029][boolean_nca_cc.training.utils][INFO] - Saved checkpoint to /home/marcello/workspace/boolean_nca_cc/checkpoints/run_pzsiu1t2/best_model_hard_accuracy.pkl
[2025-05-09 23:00:12,749][__main__][INFO] - Evaluating inner loop performance
[2025-05-09 23:00:19,725][__main__][INFO] - Training complete. Final results:
[2025-05-09 23:00:19,725][__main__][INFO] -   Meta Loss: 0.1250
[2025-05-09 23:00:19,725][__main__][INFO] -   Meta Hard Loss: 1.0000
[2025-05-09 23:00:19,725][__main__][INFO] -   Meta Accuracy: 0.8750
[2025-05-09 23:00:19,725][__main__][INFO] -   Meta Hard Accuracy: 0.8750
[2025-05-09 23:00:19,725][__main__][INFO] -   Inner Loop Final Loss: 1.0000
[2025-05-09 23:00:19,725][__main__][INFO] -   Inner Loop Final Hard Loss: 1.0000
[2025-05-09 23:00:19,725][__main__][INFO] -   Inner Loop Final Accuracy: 0.8750
[2025-05-09 23:00:19,725][__main__][INFO] -   Inner Loop Final Hard Accuracy: 0.8750
[2025-05-09 23:00:19,726][__main__][INFO] -   Best hard_accuracy: 0.8750
