[2025-05-09 22:59:35,752][__main__][INFO] - model:
  type: gnn
  hidden_dim: 128
  message_passing: true
  node_mlp_features:
  - 128
  - 128
  edge_mlp_features:
  - 128
  - 128
  use_attention: true
seed: 0
test_seed: 42
wandb:
  enabled: true
  project: boolean-nca-cc
  entity: m2snn
  run_name: null
  tags:
  - boolean-circuit
  - nca
  - meta-learning
circuit:
  task: binary_multiply
  input_bits: 2
  output_bits: 2
  arity: 2
  num_layers: 2
  layer_sizes: null
training:
  learning_rate: 0.003
  weight_decay: 1.0e-05
  epochs: null
  epochs_power_of_2: 8
  loss_type: l4
  wiring_mode: fixed
  meta_batch_size: 4
  n_message_steps: 1
  lr_scheduler: linear_warmup
pool:
  size: 1024
  reset_fraction: 0.05
  reset_interval: 32
  reset_strategy: combined
  combined_weights:
  - 0.5
  - 0.5
  gate_knockout:
    active: false
    fraction: 0.05
    interval: 64
    strategy: uniform
    damage_prob: 0.1
    combined_weights:
    - 0.5
    - 0.5
  soft_lut_damage:
    active: true
    fraction: 0.05
    interval: 64
    strategy: uniform
    damage_prob: 0.1
    combined_weights:
    - 0.5
    - 0.5
backprop:
  enabled: true
  epochs: 100
  learning_rate: 1
  weight_decay: 0.1
  optimizer: adamw
  beta1: 0.8
  beta2: 0.8
eval:
  inner_steps: 100
checkpoint:
  enabled: true
  interval: 1024
  save_best: true
  best_metric: hard_accuracy
  save_stable_states: true
logging:
  log_interval: 10
  level: INFO

[2025-05-09 22:59:35,753][__main__][INFO] - Working directory: /home/marcello/workspace/boolean_nca_cc
[2025-05-09 22:59:36,616][__main__][INFO] - Circuit layer sizes: [(2, 1), (8, 2), (4, 1), (2, 1)]
[2025-05-09 22:59:36,617][__main__][INFO] - Number of nodes: 16
[2025-05-09 22:59:36,619][__main__][INFO] - Running baseline backpropagation training
[2025-05-09 22:59:36,636][__main__][INFO] - BP Epoch 0: Loss=1.7263, Acc=0.6250, Hard Acc=0.6250
[2025-05-09 22:59:36,688][__main__][INFO] - BP Epoch 10: Loss=0.0014, Acc=1.0000, Hard Acc=1.0000
[2025-05-09 22:59:36,740][__main__][INFO] - BP Epoch 20: Loss=0.0016, Acc=1.0000, Hard Acc=1.0000
[2025-05-09 22:59:36,793][__main__][INFO] - BP Epoch 30: Loss=0.0004, Acc=1.0000, Hard Acc=1.0000
[2025-05-09 22:59:36,845][__main__][INFO] - BP Epoch 40: Loss=0.0002, Acc=1.0000, Hard Acc=1.0000
[2025-05-09 22:59:36,897][__main__][INFO] - BP Epoch 50: Loss=0.0001, Acc=1.0000, Hard Acc=1.0000
[2025-05-09 22:59:36,950][__main__][INFO] - BP Epoch 60: Loss=0.0000, Acc=1.0000, Hard Acc=1.0000
[2025-05-09 22:59:37,001][__main__][INFO] - BP Epoch 70: Loss=0.0000, Acc=1.0000, Hard Acc=1.0000
[2025-05-09 22:59:37,055][__main__][INFO] - BP Epoch 80: Loss=0.0000, Acc=1.0000, Hard Acc=1.0000
[2025-05-09 22:59:37,106][__main__][INFO] - BP Epoch 90: Loss=0.0000, Acc=1.0000, Hard Acc=1.0000
[2025-05-09 22:59:37,166][__main__][INFO] - BP Final: Loss=0.0000, Acc=1.0000, Hard Acc=1.0000
[2025-05-09 22:59:37,864][__main__][INFO] - Starting GNN training
[2025-05-09 22:59:37,950][boolean_nca_cc.training.train_loop][INFO] - WandB run ID: hayxthcb
[2025-05-09 22:59:37,951][boolean_nca_cc.training.train_loop][INFO] - Checkpoints will be saved to: /home/marcello/workspace/boolean_nca_cc/checkpoints/run_hayxthcb
[2025-05-09 22:59:44,220][boolean_nca_cc.training.train_loop][INFO] - Saving best model at epoch 0 with hard_accuracy=0.6250
[2025-05-09 22:59:44,237][boolean_nca_cc.training.utils][INFO] - Saved checkpoint to /home/marcello/workspace/boolean_nca_cc/checkpoints/run_hayxthcb/best_model_hard_accuracy.pkl
[2025-05-09 22:59:44,735][boolean_nca_cc.training.train_loop][INFO] - Saving best model at epoch 24 with hard_accuracy=0.6562
[2025-05-09 22:59:44,754][boolean_nca_cc.training.utils][INFO] - Saved checkpoint to /home/marcello/workspace/boolean_nca_cc/checkpoints/run_hayxthcb/best_model_hard_accuracy.pkl
[2025-05-09 22:59:45,048][boolean_nca_cc.training.train_loop][INFO] - Saving best model at epoch 29 with hard_accuracy=0.7812
[2025-05-09 22:59:45,070][boolean_nca_cc.training.utils][INFO] - Saved checkpoint to /home/marcello/workspace/boolean_nca_cc/checkpoints/run_hayxthcb/best_model_hard_accuracy.pkl
[2025-05-09 22:59:45,304][boolean_nca_cc.training.train_loop][INFO] - Saving best model at epoch 30 with hard_accuracy=0.8750
[2025-05-09 22:59:45,324][boolean_nca_cc.training.utils][INFO] - Saved checkpoint to /home/marcello/workspace/boolean_nca_cc/checkpoints/run_hayxthcb/best_model_hard_accuracy.pkl
[2025-05-09 22:59:46,211][boolean_nca_cc.training.train_loop][INFO] - Applying soft LUT damage at epoch 64
[2025-05-09 22:59:47,365][boolean_nca_cc.training.train_loop][INFO] - Applying soft LUT damage at epoch 128
[2025-05-09 22:59:48,249][boolean_nca_cc.training.train_loop][INFO] - Applying soft LUT damage at epoch 192
[2025-05-09 22:59:49,742][__main__][INFO] - Evaluating inner loop performance
[2025-05-09 22:59:55,991][__main__][INFO] - Training complete. Final results:
[2025-05-09 22:59:55,991][__main__][INFO] -   Meta Loss: 0.1250
[2025-05-09 22:59:55,992][__main__][INFO] -   Meta Hard Loss: 1.0000
[2025-05-09 22:59:55,992][__main__][INFO] -   Meta Accuracy: 0.8750
[2025-05-09 22:59:55,992][__main__][INFO] -   Meta Hard Accuracy: 0.8750
[2025-05-09 22:59:55,992][__main__][INFO] -   Inner Loop Final Loss: 0.1250
[2025-05-09 22:59:55,992][__main__][INFO] -   Inner Loop Final Hard Loss: 1.0000
[2025-05-09 22:59:55,992][__main__][INFO] -   Inner Loop Final Accuracy: 0.8750
[2025-05-09 22:59:55,992][__main__][INFO] -   Inner Loop Final Hard Accuracy: 0.8750
[2025-05-09 22:59:55,992][__main__][INFO] -   Best hard_accuracy: 0.8750
