[2025-05-09 23:01:43,340][__main__][INFO] - model:
  type: gnn
  hidden_dim: 128
  message_passing: true
  node_mlp_features:
  - 128
  - 128
  edge_mlp_features:
  - 128
  - 128
  use_attention: true
seed: 0
test_seed: 42
wandb:
  enabled: true
  project: boolean-nca-cc
  entity: m2snn
  run_name: null
  tags:
  - boolean-circuit
  - nca
  - meta-learning
circuit:
  task: binary_multiply
  input_bits: 2
  output_bits: 2
  arity: 2
  num_layers: 2
  layer_sizes: null
training:
  learning_rate: 0.003
  weight_decay: 1.0e-05
  epochs: null
  epochs_power_of_2: 8
  loss_type: l4
  wiring_mode: fixed
  meta_batch_size: 4
  n_message_steps: 10
  lr_scheduler: linear_warmup
pool:
  size: 1024
  reset_fraction: 0.05
  reset_interval: 32
  reset_strategy: combined
  combined_weights:
  - 0.5
  - 0.5
  gate_knockout:
    active: false
    fraction: 0.05
    interval: 64
    strategy: uniform
    damage_prob: 0.1
    combined_weights:
    - 0.5
    - 0.5
  soft_lut_damage:
    active: true
    fraction: 0.05
    interval: 64
    strategy: uniform
    damage_prob: 0.1
    combined_weights:
    - 0.5
    - 0.5
backprop:
  enabled: true
  epochs: 100
  learning_rate: 1
  weight_decay: 0.1
  optimizer: adamw
  beta1: 0.8
  beta2: 0.8
eval:
  inner_steps: 100
checkpoint:
  enabled: true
  interval: 1024
  save_best: true
  best_metric: hard_accuracy
  save_stable_states: true
logging:
  log_interval: 10
  level: INFO

[2025-05-09 23:01:43,341][__main__][INFO] - Working directory: /home/marcello/workspace/boolean_nca_cc
[2025-05-09 23:01:43,989][__main__][INFO] - Circuit layer sizes: [(2, 1), (8, 2), (4, 1), (2, 1)]
[2025-05-09 23:01:43,989][__main__][INFO] - Number of nodes: 16
[2025-05-09 23:01:43,991][__main__][INFO] - Running baseline backpropagation training
[2025-05-09 23:01:44,008][__main__][INFO] - BP Epoch 0: Loss=1.7263, Acc=0.6250, Hard Acc=0.6250
[2025-05-09 23:01:44,058][__main__][INFO] - BP Epoch 10: Loss=0.0014, Acc=1.0000, Hard Acc=1.0000
[2025-05-09 23:01:44,107][__main__][INFO] - BP Epoch 20: Loss=0.0016, Acc=1.0000, Hard Acc=1.0000
[2025-05-09 23:01:44,153][__main__][INFO] - BP Epoch 30: Loss=0.0004, Acc=1.0000, Hard Acc=1.0000
[2025-05-09 23:01:44,202][__main__][INFO] - BP Epoch 40: Loss=0.0002, Acc=1.0000, Hard Acc=1.0000
[2025-05-09 23:01:44,249][__main__][INFO] - BP Epoch 50: Loss=0.0001, Acc=1.0000, Hard Acc=1.0000
[2025-05-09 23:01:44,296][__main__][INFO] - BP Epoch 60: Loss=0.0000, Acc=1.0000, Hard Acc=1.0000
[2025-05-09 23:01:44,346][__main__][INFO] - BP Epoch 70: Loss=0.0000, Acc=1.0000, Hard Acc=1.0000
[2025-05-09 23:01:44,435][__main__][INFO] - BP Epoch 80: Loss=0.0000, Acc=1.0000, Hard Acc=1.0000
[2025-05-09 23:01:44,484][__main__][INFO] - BP Epoch 90: Loss=0.0000, Acc=1.0000, Hard Acc=1.0000
[2025-05-09 23:01:44,540][__main__][INFO] - BP Final: Loss=0.0000, Acc=1.0000, Hard Acc=1.0000
[2025-05-09 23:01:45,229][__main__][INFO] - Starting GNN training
[2025-05-09 23:01:45,328][boolean_nca_cc.training.train_loop][INFO] - WandB run ID: gopurfli
[2025-05-09 23:01:45,328][boolean_nca_cc.training.train_loop][INFO] - Checkpoints will be saved to: /home/marcello/workspace/boolean_nca_cc/checkpoints/run_gopurfli
[2025-05-09 23:02:08,343][boolean_nca_cc.training.train_loop][INFO] - Saving best model at epoch 0 with hard_accuracy=0.6250
[2025-05-09 23:02:08,361][boolean_nca_cc.training.utils][INFO] - Saved checkpoint to /home/marcello/workspace/boolean_nca_cc/checkpoints/run_gopurfli/best_model_hard_accuracy.pkl
[2025-05-09 23:02:08,792][boolean_nca_cc.training.train_loop][INFO] - Saving best model at epoch 11 with hard_accuracy=0.7500
[2025-05-09 23:02:08,812][boolean_nca_cc.training.utils][INFO] - Saved checkpoint to /home/marcello/workspace/boolean_nca_cc/checkpoints/run_gopurfli/best_model_hard_accuracy.pkl
[2025-05-09 23:02:09,064][boolean_nca_cc.training.train_loop][INFO] - Saving best model at epoch 12 with hard_accuracy=0.8750
[2025-05-09 23:02:09,082][boolean_nca_cc.training.utils][INFO] - Saved checkpoint to /home/marcello/workspace/boolean_nca_cc/checkpoints/run_gopurfli/best_model_hard_accuracy.pkl
[2025-05-09 23:02:10,696][boolean_nca_cc.training.train_loop][INFO] - Applying soft LUT damage at epoch 64
[2025-05-09 23:02:12,194][boolean_nca_cc.training.train_loop][INFO] - Applying soft LUT damage at epoch 128
[2025-05-09 23:02:13,576][boolean_nca_cc.training.train_loop][INFO] - Applying soft LUT damage at epoch 192
[2025-05-09 23:02:15,590][__main__][INFO] - Evaluating inner loop performance
[2025-05-09 23:02:21,474][__main__][INFO] - Training complete. Final results:
[2025-05-09 23:02:21,475][__main__][INFO] -   Meta Loss: 0.1252
[2025-05-09 23:02:21,475][__main__][INFO] -   Meta Hard Loss: 1.0000
[2025-05-09 23:02:21,475][__main__][INFO] -   Meta Accuracy: 0.8750
[2025-05-09 23:02:21,475][__main__][INFO] -   Meta Hard Accuracy: 0.8750
[2025-05-09 23:02:21,475][__main__][INFO] -   Inner Loop Final Loss: 0.1250
[2025-05-09 23:02:21,475][__main__][INFO] -   Inner Loop Final Hard Loss: 1.0000
[2025-05-09 23:02:21,475][__main__][INFO] -   Inner Loop Final Accuracy: 0.8750
[2025-05-09 23:02:21,475][__main__][INFO] -   Inner Loop Final Hard Accuracy: 0.8750
[2025-05-09 23:02:21,475][__main__][INFO] -   Best hard_accuracy: 0.8750
